[0426/002828.187:ERROR:process_memory_win.cc(73)] ReadMemory at 0x14b38740000 of 64 bytes failed: Only part of a ReadProcessMemory or WriteProcessMemory request was completed. (0x12B)
[0426/002828.196:WARNING:pe_image_reader.cc(340)] could not read dos header from C:\WINDOWS\System32\shcore.dll
[0426/002828.196:ERROR:process_memory_win.cc(73)] ReadMemory at 0x7ffd56a30000 of 64 bytes failed: Only part of a ReadProcessMemory or WriteProcessMemory request was completed. (0x12B)
[0426/002828.196:WARNING:pe_image_reader.cc(340)] could not read dos header from C:\WINDOWS\System32\RPCRT4.dll
[0426/002828.196:ERROR:process_memory_win.cc(73)] ReadMemory at 0x7ffd54c90000 of 64 bytes failed: Only part of a ReadProcessMemory or WriteProcessMemory request was completed. (0x12B)
[0426/002828.196:WARNING:pe_image_reader.cc(340)] could not read dos header from C:\WINDOWS\System32\combase.dll
[0426/002828.196:ERROR:process_memory_win.cc(73)] ReadMemory at 0x7ffd54160000 of 64 bytes failed: Only part of a ReadProcessMemory or WriteProcessMemory request was completed. (0x12B)
[0426/002828.196:WARNING:pe_image_reader.cc(340)] could not read dos header from C:\WINDOWS\System32\bcryptPrimitives.dll
[0426/002828.196:ERROR:process_memory_win.cc(73)] ReadMemory at 0x7ffd531d0000 of 64 bytes failed: Only part of a ReadProcessMemory or WriteProcessMemory request was completed. (0x12B)
[0426/002828.196:WARNING:pe_image_reader.cc(340)] could not read dos header from C:\WINDOWS\System32\windows.storage.dll
[0426/002828.196:ERROR:process_memory_win.cc(73)] ReadMemory at 0x7ffd53130000 of 64 bytes failed: Only part of a ReadProcessMemory or WriteProcessMemory request was completed. (0x12B)
[0426/002828.196:WARNING:pe_image_reader.cc(340)] could not read dos header from C:\WINDOWS\System32\msvcp_win.dll
[0426/002828.196:ERROR:process_memory_win.cc(73)] ReadMemory at 0x7ffd56da0000 of 64 bytes failed: Only part of a ReadProcessMemory or WriteProcessMemory request was completed. (0x12B)
[0426/002828.196:WARNING:pe_image_reader.cc(340)] could not read dos header from C:\WINDOWS\System32\sechost.dll
[0426/002828.196:ERROR:process_memory_win.cc(73)] ReadMemory at 0x7ffd56e40000 of 64 bytes failed: Only part of a ReadProcessMemory or WriteProcessMemory request was completed. (0x12B)
[0426/002828.196:WARNING:pe_image_reader.cc(340)] could not read dos header from C:\WINDOWS\System32\advapi32.dll
[0426/002828.196:ERROR:process_memory_win.cc(73)] ReadMemory at 0x7ffd530a0000 of 64 bytes failed: Only part of a ReadProcessMemory or WriteProcessMemory request was completed. (0x12B)
[0426/002828.196:WARNING:pe_image_reader.cc(340)] could not read dos header from C:\WINDOWS\System32\profapi.dll
[0426/002828.196:ERROR:process_memory_win.cc(73)] ReadMemory at 0x7ffd53000000 of 64 bytes failed: Only part of a ReadProcessMemory or WriteProcessMemory request was completed. (0x12B)
[0426/002828.196:WARNING:pe_image_reader.cc(340)] could not read dos header from C:\WINDOWS\System32\powrprof.dll
[0426/002828.196:ERROR:process_memory_win.cc(73)] ReadMemory at 0x7ffd568a0000 of 64 bytes failed: Only part of a ReadProcessMemory or WriteProcessMemory request was completed. (0x12B)
[0426/002828.196:WARNING:pe_image_reader.cc(340)] could not read dos header from C:\WINDOWS\System32\shlwapi.dll
[0426/002828.196:ERROR:process_memory_win.cc(73)] ReadMemory at 0x7ffd545b0000 of 64 bytes failed: Only part of a ReadProcessMemory or WriteProcessMemory request was completed. (0x12B)
[0426/002828.196:WARNING:pe_image_reader.cc(340)] could not read dos header from C:\WINDOWS\System32\GDI32.dll
[0426/002828.196:ERROR:process_memory_win.cc(73)] ReadMemory at 0x7ffd53d30000 of 64 bytes failed: Only part of a ReadProcessMemory or WriteProcessMemory request was completed. (0x12B)
[0426/002828.196:WARNING:pe_image_reader.cc(340)] could not read dos header from C:\WINDOWS\System32\gdi32full.dll
[0426/002828.196:ERROR:process_memory_win.cc(73)] ReadMemory at 0x7ffd56c00000 of 64 bytes failed: Only part of a ReadProcessMemory or WriteProcessMemory request was completed. (0x12B)
[0426/002828.196:WARNING:pe_image_reader.cc(340)] could not read dos header from C:\WINDOWS\System32\USER32.dll
[0426/002828.196:ERROR:process_memory_win.cc(73)] ReadMemory at 0x7ffd53940000 of 64 bytes failed: Only part of a ReadProcessMemory or WriteProcessMemory request was completed. (0x12B)
[0426/002828.196:WARNING:pe_image_reader.cc(340)] could not read dos header from C:\WINDOWS\System32\win32u.dll
[0426/002828.196:ERROR:process_memory_win.cc(73)] ReadMemory at 0x7ffd53060000 of 64 bytes failed: Only part of a ReadProcessMemory or WriteProcessMemory request was completed. (0x12B)
[0426/002828.196:WARNING:pe_image_reader.cc(340)] could not read dos header from C:\WINDOWS\System32\kernel.appcore.dll
[0426/002828.196:ERROR:process_memory_win.cc(73)] ReadMemory at 0x7ffd53920000 of 64 bytes failed: Only part of a ReadProcessMemory or WriteProcessMemory request was completed. (0x12B)
[0426/002828.196:WARNING:pe_image_reader.cc(340)] could not read dos header from C:\WINDOWS\System32\cryptsp.dll
[0426/002828.196:ERROR:process_memory_win.cc(73)] ReadMemory at 0x7ffd1fdd0000 of 64 bytes failed: Only part of a ReadProcessMemory or WriteProcessMemory request was completed. (0x12B)
[0426/002828.196:WARNING:pe_image_reader.cc(340)] could not read dos header from C:\Program Files (x86)\Google\Chrome\Application\74.0.3729.108\chrome_elf.dll
[0426/002828.196:ERROR:process_memory_win.cc(73)] ReadMemory at 0x7ffd43e90000 of 64 bytes failed: Only part of a ReadProcessMemory or WriteProcessMemory request was completed. (0x12B)
[0426/002828.196:WARNING:pe_image_reader.cc(340)] could not read dos header from C:\WINDOWS\SYSTEM32\VERSION.dll
[0426/002828.196:ERROR:process_memory_win.cc(73)] ReadMemory at 0x7ffd508f0000 of 64 bytes failed: Only part of a ReadProcessMemory or WriteProcessMemory request was completed. (0x12B)
[0426/002828.196:WARNING:pe_image_reader.cc(340)] could not read dos header from C:\WINDOWS\SYSTEM32\WINMM.dll
[0426/002828.196:ERROR:process_memory_win.cc(73)] ReadMemory at 0x7ffd52f00000 of 64 bytes failed: Only part of a ReadProcessMemory or WriteProcessMemory request was completed. (0x12B)
[0426/002828.196:WARNING:pe_image_reader.cc(340)] could not read dos header from C:\WINDOWS\SYSTEM32\USERENV.dll
[0426/002828.196:ERROR:process_memory_win.cc(73)] ReadMemory at 0x7ffd508c0000 of 64 bytes failed: Only part of a ReadProcessMemory or WriteProcessMemory request was completed. (0x12B)
[0426/002828.196:WARNING:pe_image_reader.cc(340)] could not read dos header from C:\WINDOWS\SYSTEM32\WINMMBASE.dll
[0426/002828.196:ERROR:process_memory_win.cc(73)] ReadMemory at 0x7ffd52a50000 of 64 bytes failed: Only part of a ReadProcessMemory or WriteProcessMemory request was completed. (0x12B)
[0426/002828.196:WARNING:pe_image_reader.cc(340)] could not read dos header from C:\WINDOWS\SYSTEM32\CRYPTBASE.DLL
[0426/002828.196:ERROR:process_memory_win.cc(73)] ReadMemory at 0x7ffd542a0000 of 64 bytes failed: Only part of a ReadProcessMemory or WriteProcessMemory request was completed. (0x12B)
[0426/002828.196:WARNING:pe_image_reader.cc(340)] could not read dos header from C:\WINDOWS\System32\IMM32.DLL
[0426/002828.196:ERROR:process_memory_win.cc(73)] ReadMemory at 0x7ffcf4a60000 of 64 bytes failed: Only part of a ReadProcessMemory or WriteProcessMemory request was completed. (0x12B)
[0426/002828.196:WARNING:pe_image_reader.cc(340)] could not read dos header from C:\Program Files (x86)\Google\Chrome\Application\74.0.3729.108\chrome_child.dll
[0426/002828.196:ERROR:process_memory_win.cc(73)] ReadMemory at 0x7ffd543c0000 of 64 bytes failed: Only part of a ReadProcessMemory or WriteProcessMemory request was completed. (0x12B)
[0426/002828.196:WARNING:pe_image_reader.cc(340)] could not read dos header from C:\WINDOWS\System32\WS2_32.dll
[0426/002828.196:ERROR:process_memory_win.cc(73)] ReadMemory at 0x7ffd54450000 of 64 bytes failed: Only part of a ReadProcessMemory or WriteProcessMemory request was completed. (0x12B)
[0426/002828.196:WARNING:pe_image_reader.cc(340)] could not read dos header from C:\WINDOWS\System32\ole32.dll
[0426/002828.196:ERROR:process_memory_win.cc(73)] ReadMemory at 0x7ffd56620000 of 64 bytes failed: Only part of a ReadProcessMemory or WriteProcessMemory request was completed. (0x12B)
[0426/002828.196:WARNING:pe_image_reader.cc(340)] could not read dos header from C:\WINDOWS\System32\OLEAUT32.dll
[0426/002828.196:ERROR:process_memory_win.cc(73)] ReadMemory at 0x7ffd530d0000 of 64 bytes failed: Only part of a ReadProcessMemory or WriteProcessMemory request was completed. (0x12B)
[0426/002828.196:WARNING:pe_image_reader.cc(340)] could not read dos header from C:\WINDOWS\System32\WINTRUST.dll
[0426/002828.196:ERROR:process_memory_win.cc(73)] ReadMemory at 0x7ffd53080000 of 64 bytes failed: Only part of a ReadProcessMemory or WriteProcessMemory request was completed. (0x12B)
[0426/002828.196:WARNING:pe_image_reader.cc(340)] could not read dos header from C:\WINDOWS\System32\MSASN1.dll
[0426/002828.196:ERROR:process_memory_win.cc(73)] ReadMemory at 0x7ffd53f80000 of 64 bytes failed: Only part of a ReadProcessMemory or WriteProcessMemory request was completed. (0x12B)
[0426/002828.196:WARNING:pe_image_reader.cc(340)] could not read dos header from C:\WINDOWS\System32\CRYPT32.dll
[0426/002828.196:ERROR:process_memory_win.cc(73)] ReadMemory at 0x7ffd56900000 of 64 bytes failed: Only part of a ReadProcessMemory or WriteProcessMemory request was completed. (0x12B)
[0426/002828.196:WARNING:pe_image_reader.cc(340)] could not read dos header from C:\WINDOWS\System32\COMDLG32.dll
[0426/002828.196:ERROR:process_memory_win.cc(73)] ReadMemory at 0x7ffd525e0000 of 64 bytes failed: Only part of a ReadProcessMemory or WriteProcessMemory request was completed. (0x12B)
[0426/002828.196:WARNING:pe_image_reader.cc(340)] could not read dos header from C:\WINDOWS\SYSTEM32\IPHLPAPI.DLL
[0426/002828.196:ERROR:process_memory_win.cc(73)] ReadMemory at 0x7ffd3aad0000 of 64 bytes failed: Only part of a ReadProcessMemory or WriteProcessMemory request was completed. (0x12B)
[0426/002828.196:WARNING:pe_image_reader.cc(340)] could not read dos header from C:\WINDOWS\SYSTEM32\OLEACC.dll
[0426/002828.196:ERROR:process_memory_win.cc(73)] ReadMemory at 0x7ffd373a0000 of 64 bytes failed: Only part of a ReadProcessMemory or WriteProcessMemory request was completed. (0x12B)
[0426/002828.196:WARNING:pe_image_reader.cc(340)] could not read dos header from C:\WINDOWS\SYSTEM32\UIAutomationCore.DLL
[0426/002828.196:ERROR:process_memory_win.cc(73)] ReadMemory at 0x7ffd51a20000 of 64 bytes failed: Only part of a ReadProcessMemory or WriteProcessMemory request was completed. (0x12B)
[0426/002828.196:WARNING:pe_image_reader.cc(340)] could not read dos header from C:\WINDOWS\SYSTEM32\WTSAPI32.dll
[0426/002828.196:ERROR:process_memory_win.cc(73)] ReadMemory at 0x7ffd456c0000 of 64 bytes failed: Only part of a ReadProcessMemory or WriteProcessMemory request was completed. (0x12B)
[0426/002828.196:WARNING:pe_image_reader.cc(340)] could not read dos header from C:\WINDOWS\SYSTEM32\DWrite.dll
[0426/002828.196:ERROR:process_memory_win.cc(73)] ReadMemory at 0x7ffd51d80000 of 64 bytes failed: Only part of a ReadProcessMemory or WriteProcessMemory request was completed. (0x12B)
[0426/002828.196:WARNING:pe_image_reader.cc(340)] could not read dos header from C:\WINDOWS\SYSTEM32\dxgi.dll
[0426/002828.196:ERROR:process_memory_win.cc(73)] ReadMemory at 0x7ffd43b70000 of 64 bytes failed: Only part of a ReadProcessMemory or WriteProcessMemory request was completed. (0x12B)
[0426/002828.196:WARNING:pe_image_reader.cc(340)] could not read dos header from C:\WINDOWS\SYSTEM32\WINSPOOL.DRV
[0426/002828.196:ERROR:process_memory_win.cc(73)] ReadMemory at 0x7ffd53960000 of 64 bytes failed: Only part of a ReadProcessMemory or WriteProcessMemory request was completed. (0x12B)
[0426/002828.196:WARNING:pe_image_reader.cc(340)] could not read dos header from C:\WINDOWS\System32\bcrypt.dll
[0426/002828.196:ERROR:process_memory_win.cc(73)] ReadMemory at 0x7ffd51830000 of 64 bytes failed: Only part of a ReadProcessMemory or WriteProcessMemory request was completed. (0x12B)
[0426/002828.196:WARNING:pe_image_reader.cc(340)] could not read dos header from C:\WINDOWS\SYSTEM32\dbghelp.dll
[0426/002828.196:ERROR:process_memory_win.cc(73)] ReadMemory at 0x7ffd43c00000 of 64 bytes failed: Only part of a ReadProcessMemory or WriteProcessMemory request was completed. (0x12B)
[0426/002828.196:WARNING:pe_image_reader.cc(340)] could not read dos header from C:\WINDOWS\WinSxS\amd64_microsoft.windows.common-controls_6595b64144ccf1df_6.0.17763.437_none_05b63dca071e5dd6\COMCTL32.dll
[0426/002828.196:ERROR:process_memory_win.cc(73)] ReadMemory at 0x7ffd4a0f0000 of 64 bytes failed: Only part of a ReadProcessMemory or WriteProcessMemory request was completed. (0x12B)
[0426/002828.196:WARNING:pe_image_reader.cc(340)] could not read dos header from C:\WINDOWS\SYSTEM32\USP10.dll
[0426/002828.196:ERROR:process_memory_win.cc(73)] ReadMemory at 0x7ffd44660000 of 64 bytes failed: Only part of a ReadProcessMemory or WriteProcessMemory request was completed. (0x12B)
[0426/002828.196:WARNING:pe_image_reader.cc(340)] could not read dos header from C:\WINDOWS\SYSTEM32\WINHTTP.dll
[0426/002828.196:ERROR:process_memory_win.cc(73)] ReadMemory at 0x7ffd46db0000 of 64 bytes failed: Only part of a ReadProcessMemory or WriteProcessMemory request was completed. (0x12B)
[0426/002828.196:WARNING:pe_image_reader.cc(340)] could not read dos header from C:\WINDOWS\SYSTEM32\urlmon.dll
[0426/002828.196:ERROR:process_memory_win.cc(73)] ReadMemory at 0x7ffd3a4c0000 of 64 bytes failed: Only part of a ReadProcessMemory or WriteProcessMemory request was completed. (0x12B)
[0426/002828.196:WARNING:pe_image_reader.cc(340)] could not read dos header from C:\WINDOWS\SYSTEM32\Secur32.dll
[0426/002828.196:ERROR:process_memory_win.cc(73)] ReadMemory at 0x7ffd511f0000 of 64 bytes failed: Only part of a ReadProcessMemory or WriteProcessMemory request was completed. (0x12B)
[0426/002828.196:WARNING:pe_image_reader.cc(340)] could not read dos header from C:\WINDOWS\SYSTEM32\dhcpcsvc.DLL
[0426/002828.196:ERROR:process_memory_win.cc(73)] ReadMemory at 0x7ffd543b0000 of 64 bytes failed: Only part of a ReadProcessMemory or WriteProcessMemory request was completed. (0x12B)
[0426/002828.196:WARNING:pe_image_reader.cc(340)] could not read dos header from C:\WINDOWS\System32\NSI.dll
[0426/002828.196:ERROR:process_memory_win.cc(73)] ReadMemory at 0x7ffd47800000 of 64 bytes failed: Only part of a ReadProcessMemory or WriteProcessMemory request was completed. (0x12B)
[0426/002828.196:WARNING:pe_image_reader.cc(340)] could not read dos header from C:\WINDOWS\SYSTEM32\Bcp47Langs.dll
[0426/002828.196:ERROR:process_memory_win.cc(73)] ReadMemory at 0x7ffd4f8c0000 of 64 bytes failed: Only part of a ReadProcessMemory or WriteProcessMemory request was completed. (0x12B)
[0426/002828.196:WARNING:pe_image_reader.cc(340)] could not read dos header from C:\WINDOWS\SYSTEM32\PROPSYS.dll
[0426/002828.196:ERROR:process_memory_win.cc(73)] ReadMemory at 0x7ffd47140000 of 64 bytes failed: Only part of a ReadProcessMemory or WriteProcessMemory request was completed. (0x12B)
[0426/002828.196:WARNING:pe_image_reader.cc(340)] could not read dos header from C:\WINDOWS\SYSTEM32\iertutil.dll
[0426/002828.196:ERROR:process_memory_win.cc(73)] ReadMemory at 0x7ffd52f30000 of 64 bytes failed: Only part of a ReadProcessMemory or WriteProcessMemory request was completed. (0x12B)
[0426/002828.196:WARNING:pe_image_reader.cc(340)] could not read dos header from C:\WINDOWS\SYSTEM32\SSPICLI.DLL
[0426/002828.196:ERROR:process_memory_win.cc(73)] ReadMemory at 0x7ffd54800000 of 64 bytes failed: Only part of a ReadProcessMemory or WriteProcessMemory request was completed. (0x12B)
[0426/002828.196:WARNING:pe_image_reader.cc(340)] could not read dos header from C:\WINDOWS\System32\SETUPAPI.dll
[0426/002828.196:ERROR:process_memory_win.cc(73)] ReadMemory at 0x7ffd52e10000 of 64 bytes failed: Only part of a ReadProcessMemory or WriteProcessMemory request was completed. (0x12B)
[0426/002828.196:WARNING:pe_image_reader.cc(340)] could not read dos header from C:\WINDOWS\SYSTEM32\DEVOBJ.dll
[0426/002828.196:ERROR:process_memory_win.cc(73)] ReadMemory at 0x7ffd23500000 of 64 bytes failed: Only part of a ReadProcessMemory or WriteProcessMemory request was completed. (0x12B)
[0426/002828.196:WARNING:pe_image_reader.cc(340)] could not read dos header from C:\WINDOWS\SYSTEM32\mf.dll
[0426/002828.196:ERROR:process_memory_win.cc(73)] ReadMemory at 0x7ffd42f50000 of 64 bytes failed: Only part of a ReadProcessMemory or WriteProcessMemory request was completed. (0x12B)
[0426/002828.196:WARNING:pe_image_reader.cc(340)] could not read dos header from C:\WINDOWS\SYSTEM32\mfplat.dll
[0426/002828.196:ERROR:process_memory_win.cc(73)] ReadMemory at 0x7ffd47000000 of 64 bytes failed: Only part of a ReadProcessMemory or WriteProcessMemory request was completed. (0x12B)
[0426/002828.196:WARNING:pe_image_reader.cc(340)] could not read dos header from C:\WINDOWS\SYSTEM32\RTWorkQ.DLL
[0426/002828.196:ERROR:process_memory_win.cc(73)] ReadMemory at 0x7ffd13ae0000 of 64 bytes failed: Only part of a ReadProcessMemory or WriteProcessMemory request was completed. (0x12B)
[0426/002828.196:WARNING:pe_image_reader.cc(340)] could not read dos header from C:\WINDOWS\SYSTEM32\msmpeg2vdec.dll
[0426/002828.196:ERROR:process_memory_win.cc(73)] ReadMemory at 0x7ffd1fbe0000 of 64 bytes failed: Only part of a ReadProcessMemory or WriteProcessMemory request was completed. (0x12B)
[0426/002828.196:WARNING:pe_image_reader.cc(340)] could not read dos header from C:\WINDOWS\SYSTEM32\mfperfhelper.dll
[0426/002828.196:ERROR:process_memory_win.cc(73)] ReadMemory at 0x7ffd4a880000 of 64 bytes failed: Only part of a ReadProcessMemory or WriteProcessMemory request was completed. (0x12B)
[0426/002828.196:WARNING:pe_image_reader.cc(340)] could not read dos header from C:\WINDOWS\SYSTEM32\dxva2.dll
[0426/002828.196:ERROR:process_memory_win.cc(73)] ReadMemory at 0x7ffd1f5d0000 of 64 bytes failed: Only part of a ReadProcessMemory or WriteProcessMemory request was completed. (0x12B)
[0426/002828.196:WARNING:pe_image_reader.cc(340)] could not read dos header from C:\WINDOWS\SYSTEM32\msvproc.dll
[0426/002828.196:ERROR:process_memory_win.cc(73)] ReadMemory at 0x7ffd49780000 of 64 bytes failed: Only part of a ReadProcessMemory or WriteProcessMemory request was completed. (0x12B)
[0426/002828.196:WARNING:pe_image_reader.cc(340)] could not read dos header from C:\WINDOWS\SYSTEM32\CompPkgSup.DLL
[0426/002828.196:ERROR:process_memory_win.cc(73)] ReadMemory at 0x7ffd4fea0000 of 64 bytes failed: Only part of a ReadProcessMemory or WriteProcessMemory request was completed. (0x12B)
[0426/002828.196:WARNING:pe_image_reader.cc(340)] could not read dos header from C:\WINDOWS\SYSTEM32\D3DCompiler_47.dll
[0426/002828.196:ERROR:process_memory_win.cc(73)] ReadMemory at 0x7ffd086d0000 of 64 bytes failed: Only part of a ReadProcessMemory or WriteProcessMemory request was completed. (0x12B)
[0426/002828.196:WARNING:pe_image_reader.cc(340)] could not read dos header from C:\Program Files (x86)\Google\Chrome\Application\74.0.3729.108\libglesv2.dll
[0426/002828.196:ERROR:process_memory_win.cc(73)] ReadMemory at 0x7ffd13940000 of 64 bytes failed: Only part of a ReadProcessMemory or WriteProcessMemory request was completed. (0x12B)
[0426/002828.196:WARNING:pe_image_reader.cc(340)] could not read dos header from C:\WINDOWS\SYSTEM32\d3d9.dll
[0426/002828.196:ERROR:process_memory_win.cc(73)] ReadMemory at 0x7ffd51320000 of 64 bytes failed: Only part of a ReadProcessMemory or WriteProcessMemory request was completed. (0x12B)
[0426/002828.196:WARNING:pe_image_reader.cc(340)] could not read dos header from C:\WINDOWS\SYSTEM32\dwmapi.dll
[0426/002828.196:ERROR:process_memory_win.cc(73)] ReadMemory at 0x7ffd235f0000 of 64 bytes failed: Only part of a ReadProcessMemory or WriteProcessMemory request was completed. (0x12B)
[0426/002828.196:WARNING:pe_image_reader.cc(340)] could not read dos header from C:\Program Files (x86)\Google\Chrome\Application\74.0.3729.108\libegl.dll
[0426/002828.196:ERROR:process_memory_win.cc(73)] ReadMemory at 0x7ffd4fc20000 of 64 bytes failed: Only part of a ReadProcessMemory or WriteProcessMemory request was completed. (0x12B)
[0426/002828.196:WARNING:pe_image_reader.cc(340)] could not read dos header from C:\WINDOWS\SYSTEM32\d3d11.dll
[0426/002828.196:ERROR:process_memory_win.cc(73)] ReadMemory at 0x7ffd50920000 of 64 bytes failed: Only part of a ReadProcessMemory or WriteProcessMemory request was completed. (0x12B)
[0426/002828.196:WARNING:pe_image_reader.cc(340)] could not read dos header from C:\WINDOWS\SYSTEM32\dcomp.dll
[0426/002828.196:ERROR:process_memory_win.cc(73)] ReadMemory at 0x7ffd4cc50000 of 64 bytes failed: Only part of a ReadProcessMemory or WriteProcessMemory request was completed. (0x12B)
[0426/002828.196:WARNING:pe_image_reader.cc(340)] could not read dos header from C:\WINDOWS\System32\DriverStore\FileRepository\ki124757.inf_amd64_b607c305e0c4e0a1\igd10iumd64.dll
[0426/002828.196:ERROR:process_memory_win.cc(73)] ReadMemory at 0x7ffd52b50000 of 64 bytes failed: Only part of a ReadProcessMemory or WriteProcessMemory request was completed. (0x12B)
[0426/002828.196:WARNING:pe_image_reader.cc(340)] could not read dos header from C:\WINDOWS\SYSTEM32\ncrypt.dll
[0426/002828.196:ERROR:process_memory_win.cc(73)] ReadMemory at 0x7ffd52b10000 of 64 bytes failed: Only part of a ReadProcessMemory or WriteProcessMemory request was completed. (0x12B)
[0426/002828.196:WARNING:pe_image_reader.cc(340)] could not read dos header from C:\WINDOWS\SYSTEM32\NTASN1.dll
[0426/002828.196:ERROR:process_memory_win.cc(73)] ReadMemory at 0x7ffd4ac30000 of 64 bytes failed: Only part of a ReadProcessMemory or WriteProcessMemory request was completed. (0x12B)
[0426/002828.196:WARNING:pe_image_reader.cc(340)] could not read dos header from C:\WINDOWS\System32\DriverStore\FileRepository\ki124757.inf_amd64_b607c305e0c4e0a1\igc64.dll
[0426/002828.196:ERROR:process_memory_win.cc(73)] ReadMemory at 0x7ffd545e0000 of 64 bytes failed: Only part of a ReadProcessMemory or WriteProcessMemory request was completed. (0x12B)
[0426/002828.196:WARNING:pe_image_reader.cc(340)] could not read dos header from C:\WINDOWS\System32\clbcatq.dll
[0426/002828.196:ERROR:process_memory_win.cc(73)] ReadMemory at 0x7ffd4e620000 of 64 bytes failed: Only part of a ReadProcessMemory or WriteProcessMemory request was completed. (0x12B)
[0426/002828.196:WARNING:pe_image_reader.cc(340)] could not read dos header from C:\Windows\System32\WinTypes.dll
[0426/002828.196:ERROR:process_memory_win.cc(73)] ReadMemory at 0x7ffcfe390000 of 64 bytes failed: Only part of a ReadProcessMemory or WriteProcessMemory request was completed. (0x12B)
[0426/002828.196:WARNING:pe_image_reader.cc(340)] could not read dos header from C:\WINDOWS\System32\DriverStore\FileRepository\ki124757.inf_amd64_b607c305e0c4e0a1\igd11dxva64.dll
[0426/002828.196:ERROR:process_memory_win.cc(73)] ReadMemory at 0x7ffd1c1e0000 of 64 bytes failed: Only part of a ReadProcessMemory or WriteProcessMemory request was completed. (0x12B)
[0426/002828.196:WARNING:pe_image_reader.cc(340)] could not read dos header from C:\Windows\System32\mfh264enc.dll
[0426/002828.196:ERROR:process_memory_win.cc(73)] ReadMemory at 0x7ffd0d4a0000 of 64 bytes failed: Only part of a ReadProcessMemory or WriteProcessMemory request was completed. (0x12B)
[0426/002828.196:WARNING:pe_image_reader.cc(340)] could not read dos header from C:\Windows\System32\Windows.Media.dll
[0426/002828.196:ERROR:process_memory_win.cc(73)] ReadMemory at 0x7ffd520c0000 of 64 bytes failed: Only part of a ReadProcessMemory or WriteProcessMemory request was completed. (0x12B)
[0426/002828.196:WARNING:pe_image_reader.cc(340)] could not read dos header from C:\WINDOWS\SYSTEM32\ntmarta.dll
[0426/002828.196:ERROR:process_memory_win.cc(73)] ReadMemory at 0x7ffd51250000 of 64 bytes failed: Only part of a ReadProcessMemory or WriteProcessMemory request was completed. (0x12B)
[0426/002828.196:WARNING:pe_image_reader.cc(340)] could not read dos header from C:\WINDOWS\system32\uxtheme.dll
[0426/002828.196:ERROR:process_memory_win.cc(73)] ReadMemory at 0x7ffd564b0000 of 64 bytes failed: Only part of a ReadProcessMemory or WriteProcessMemory request was completed. (0x12B)
[0426/002828.196:WARNING:pe_image_reader.cc(340)] could not read dos header from C:\WINDOWS\System32\MSCTF.dll
[0426/002828.217:ERROR:process_memory_win.cc(73)] ReadMemory at 0x288f1e7000 of 102400 bytes failed: Only part of a ReadProcessMemory or WriteProcessMemory request was completed. (0x12B)
[0426/002828.217:ERROR:process_memory_win.cc(73)] ReadMemory at 0x288f3fd000 of 12288 bytes failed: Only part of a ReadProcessMemory or WriteProcessMemory request was completed. (0x12B)
[0426/002828.218:ERROR:process_memory_win.cc(73)] ReadMemory at 0x288f5fd000 of 12288 bytes failed: Only part of a ReadProcessMemory or WriteProcessMemory request was completed. (0x12B)
[0426/002828.218:ERROR:process_memory_win.cc(73)] ReadMemory at 0x288f7fd000 of 12288 bytes failed: Only part of a ReadProcessMemory or WriteProcessMemory request was completed. (0x12B)
[0426/002828.218:ERROR:process_memory_win.cc(73)] ReadMemory at 0x288f9fd000 of 12288 bytes failed: Only part of a ReadProcessMemory or WriteProcessMemory request was completed. (0x12B)
[0426/002828.218:ERROR:process_memory_win.cc(73)] ReadMemory at 0x288fbfc000 of 16384 bytes failed: Only part of a ReadProcessMemory or WriteProcessMemory request was completed. (0x12B)
[0426/002828.218:ERROR:process_memory_win.cc(73)] ReadMemory at 0x288fdfe000 of 8192 bytes failed: Only part of a ReadProcessMemory or WriteProcessMemory request was completed. (0x12B)
[0426/002828.218:ERROR:process_memory_win.cc(73)] ReadMemory at 0x288fffc000 of 16384 bytes failed: Only part of a ReadProcessMemory or WriteProcessMemory request was completed. (0x12B)
[0426/002828.218:ERROR:process_memory_win.cc(73)] ReadMemory at 0x28903f0000 of 65536 bytes failed: Only part of a ReadProcessMemory or WriteProcessMemory request was completed. (0x12B)
[0426/002828.218:ERROR:process_memory_win.cc(73)] ReadMemory at 0x28905e7000 of 102400 bytes failed: Only part of a ReadProcessMemory or WriteProcessMemory request was completed. (0x12B)
[0426/002828.219:ERROR:process_memory_win.cc(73)] ReadMemory at 0x28907fe000 of 8192 bytes failed: Only part of a ReadProcessMemory or WriteProcessMemory request was completed. (0x12B)
[0426/002828.219:ERROR:process_memory_win.cc(73)] ReadMemory at 0x28901fc000 of 16384 bytes failed: Only part of a ReadProcessMemory or WriteProcessMemory request was completed. (0x12B)
[0426/002828.219:ERROR:process_memory_win.cc(73)] ReadMemory at 0x28909fe000 of 8192 bytes failed: Only part of a ReadProcessMemory or WriteProcessMemory request was completed. (0x12B)
[0426/002828.219:ERROR:process_memory_win.cc(73)] ReadMemory at 0x2890be9000 of 94208 bytes failed: Only part of a ReadProcessMemory or WriteProcessMemory request was completed. (0x12B)
[0426/002828.219:ERROR:process_memory_win.cc(73)] ReadMemory at 0x2890de9000 of 94208 bytes failed: Only part of a ReadProcessMemory or WriteProcessMemory request was completed. (0x12B)
[0426/002828.219:ERROR:process_memory_win.cc(73)] ReadMemory at 0x2890fe9000 of 94208 bytes failed: Only part of a ReadProcessMemory or WriteProcessMemory request was completed. (0x12B)
[0426/002828.220:ERROR:process_memory_win.cc(73)] ReadMemory at 0x288eeac000 of 852 bytes failed: Only part of a ReadProcessMemory or WriteProcessMemory request was completed. (0x12B)
[0426/002828.220:ERROR:process_memory_win.cc(73)] ReadMemory at 0x288eead000 of 6024 bytes failed: Only part of a ReadProcessMemory or WriteProcessMemory request was completed. (0x12B)
[0426/002828.220:ERROR:process_memory_win.cc(73)] ReadMemory at 0x288eeaf000 of 6024 bytes failed: Only part of a ReadProcessMemory or WriteProcessMemory request was completed. (0x12B)
[0426/002828.220:ERROR:process_memory_win.cc(73)] ReadMemory at 0x288eeb1000 of 6024 bytes failed: Only part of a ReadProcessMemory or WriteProcessMemory request was completed. (0x12B)
[0426/002828.220:ERROR:process_memory_win.cc(73)] ReadMemory at 0x288eeb3000 of 6024 bytes failed: Only part of a ReadProcessMemory or WriteProcessMemory request was completed. (0x12B)
[0426/002828.220:ERROR:process_memory_win.cc(73)] ReadMemory at 0x288eeb5000 of 6024 bytes failed: Only part of a ReadProcessMemory or WriteProcessMemory request was completed. (0x12B)
[0426/002828.220:ERROR:process_memory_win.cc(73)] ReadMemory at 0x288eeb7000 of 6024 bytes failed: Only part of a ReadProcessMemory or WriteProcessMemory request was completed. (0x12B)
[0426/002828.220:ERROR:process_memory_win.cc(73)] ReadMemory at 0x288eeb9000 of 6024 bytes failed: Only part of a ReadProcessMemory or WriteProcessMemory request was completed. (0x12B)
[0426/002828.221:ERROR:process_memory_win.cc(73)] ReadMemory at 0x288eebb000 of 6024 bytes failed: Only part of a ReadProcessMemory or WriteProcessMemory request was completed. (0x12B)
[0426/002828.221:ERROR:process_memory_win.cc(73)] ReadMemory at 0x288eebf000 of 6024 bytes failed: Only part of a ReadProcessMemory or WriteProcessMemory request was completed. (0x12B)
[0426/002828.221:ERROR:process_memory_win.cc(73)] ReadMemory at 0x288eec1000 of 6024 bytes failed: Only part of a ReadProcessMemory or WriteProcessMemory request was completed. (0x12B)
[0426/002828.221:ERROR:process_memory_win.cc(73)] ReadMemory at 0x288eec3000 of 6024 bytes failed: Only part of a ReadProcessMemory or WriteProcessMemory request was completed. (0x12B)
[0426/002828.221:ERROR:process_memory_win.cc(73)] ReadMemory at 0x288eed9000 of 6024 bytes failed: Only part of a ReadProcessMemory or WriteProcessMemory request was completed. (0x12B)
[0426/002828.221:ERROR:process_memory_win.cc(73)] ReadMemory at 0x288eedb000 of 6024 bytes failed: Only part of a ReadProcessMemory or WriteProcessMemory request was completed. (0x12B)
[0426/002828.221:ERROR:process_memory_win.cc(73)] ReadMemory at 0x288eedd000 of 6024 bytes failed: Only part of a ReadProcessMemory or WriteProcessMemory request was completed. (0x12B)
[0426/002828.221:ERROR:process_memory_win.cc(73)] ReadMemory at 0x288eedf000 of 6024 bytes failed: Only part of a ReadProcessMemory or WriteProcessMemory request was completed. (0x12B)
[0426/002828.221:ERROR:process_memory_win.cc(73)] ReadMemory at 0x288eee1000 of 6024 bytes failed: Only part of a ReadProcessMemory or WriteProcessMemory request was completed. (0x12B)
[0426/002828.221:ERROR:process_memory_win.cc(73)] ReadMemory at 0x14b387f0750 of 80 bytes failed: Only part of a ReadProcessMemory or WriteProcessMemory request was completed. (0x12B)
[0426/002828.222:ERROR:process_memory_win.cc(73)] ReadMemory at 0x14b387f0ad0 of 512 bytes failed: Only part of a ReadProcessMemory or WriteProcessMemory request was completed. (0x12B)
[0426/002828.222:ERROR:process_memory_win.cc(73)] ReadMemory at 0x14b387f0fe0 of 4686 bytes failed: Only part of a ReadProcessMemory or WriteProcessMemory request was completed. (0x12B)
[0426/002828.222:ERROR:process_memory_win.cc(73)] ReadMemory at 0x14b387f2240 of 1012 bytes failed: Only part of a ReadProcessMemory or WriteProcessMemory request was completed. (0x12B)
[0426/002828.222:ERROR:process_memory_win.cc(73)] ReadMemory at 0x14b387f2868 of 118 bytes failed: Only part of a ReadProcessMemory or WriteProcessMemory request was completed. (0x12B)
[0426/002828.222:ERROR:process_memory_win.cc(73)] ReadMemory at 0x14b387f28e0 of 1268 bytes failed: Only part of a ReadProcessMemory or WriteProcessMemory request was completed. (0x12B)
[0426/002828.222:ERROR:process_memory_win.cc(73)] ReadMemory at 0x14b387f2dd6 of 118 bytes failed: Only part of a ReadProcessMemory or WriteProcessMemory request was completed. (0x12B)
[0426/002828.222:ERROR:process_memory_win.cc(73)] ReadMemory at 0x14b387f2e4e of 30 bytes failed: Only part of a ReadProcessMemory or WriteProcessMemory request was completed. (0x12B)
[0426/002828.222:ERROR:process_memory_win.cc(73)] ReadMemory at 0x14b387f2e80 of 58 bytes failed: Only part of a ReadProcessMemory or WriteProcessMemory request was completed. (0x12B)
[0426/002828.222:ERROR:process_memory_win.cc(73)] ReadMemory at 0x14b387f2f80 of 132 bytes failed: Only part of a ReadProcessMemory or WriteProcessMemory request was completed. (0x12B)
[0426/002828.222:ERROR:process_memory_win.cc(73)] ReadMemory at 0x14b387f3110 of 132 bytes failed: Only part of a ReadProcessMemory or WriteProcessMemory request was completed. (0x12B)
[0426/002828.222:ERROR:process_memory_win.cc(73)] ReadMemory at 0x14b387f36b0 of 132 bytes failed: Only part of a ReadProcessMemory or WriteProcessMemory request was completed. (0x12B)
[0426/002828.222:ERROR:process_memory_win.cc(73)] ReadMemory at 0x14b387f3840 of 64 bytes failed: Only part of a ReadProcessMemory or WriteProcessMemory request was completed. (0x12B)
[0426/002828.223:ERROR:process_memory_win.cc(73)] ReadMemory at 0x14b387f3890 of 132 bytes failed: Only part of a ReadProcessMemory or WriteProcessMemory request was completed. (0x12B)
[0426/002828.223:ERROR:process_memory_win.cc(73)] ReadMemory at 0x14b387f3ca0 of 132 bytes failed: Only part of a ReadProcessMemory or WriteProcessMemory request was completed. (0x12B)
[0426/002828.223:ERROR:process_memory_win.cc(73)] ReadMemory at 0x14b387f3e30 of 68 bytes failed: Only part of a ReadProcessMemory or WriteProcessMemory request was completed. (0x12B)
[0426/002828.223:ERROR:process_memory_win.cc(73)] ReadMemory at 0x14b387f4f80 of 62 bytes failed: Only part of a ReadProcessMemory or WriteProcessMemory request was completed. (0x12B)
[0426/002828.223:ERROR:process_memory_win.cc(73)] ReadMemory at 0x14b387f8090 of 132 bytes failed: Only part of a ReadProcessMemory or WriteProcessMemory request was completed. (0x12B)
[0426/002828.223:ERROR:process_memory_win.cc(73)] ReadMemory at 0x14b387f82a0 of 132 bytes failed: Only part of a ReadProcessMemory or WriteProcessMemory request was completed. (0x12B)
[0426/002828.223:ERROR:process_memory_win.cc(73)] ReadMemory at 0x14b387f8430 of 62 bytes failed: Only part of a ReadProcessMemory or WriteProcessMemory request was completed. (0x12B)
[0426/002828.223:ERROR:process_memory_win.cc(73)] ReadMemory at 0x14b387f9b00 of 152 bytes failed: Only part of a ReadProcessMemory or WriteProcessMemory request was completed. (0x12B)
[0426/002828.223:ERROR:process_memory_win.cc(73)] ReadMemory at 0x14b387f9be0 of 132 bytes failed: Only part of a ReadProcessMemory or WriteProcessMemory request was completed. (0x12B)
[0426/002828.223:ERROR:process_memory_win.cc(73)] ReadMemory at 0x14b387f9d70 of 60 bytes failed: Only part of a ReadProcessMemory or WriteProcessMemory request was completed. (0x12B)
[0426/002828.223:ERROR:process_memory_win.cc(73)] ReadMemory at 0x14b387f9f90 of 132 bytes failed: Only part of a ReadProcessMemory or WriteProcessMemory request was completed. (0x12B)
[0426/002828.223:ERROR:process_memory_win.cc(73)] ReadMemory at 0x14b387fa120 of 64 bytes failed: Only part of a ReadProcessMemory or WriteProcessMemory request was completed. (0x12B)
[0426/002828.223:ERROR:process_memory_win.cc(73)] ReadMemory at 0x14b387fa3a0 of 132 bytes failed: Only part of a ReadProcessMemory or WriteProcessMemory request was completed. (0x12B)
[0426/002828.223:ERROR:process_memory_win.cc(73)] ReadMemory at 0x14b387fa530 of 64 bytes failed: Only part of a ReadProcessMemory or WriteProcessMemory request was completed. (0x12B)
[0426/002828.224:ERROR:process_memory_win.cc(73)] ReadMemory at 0x14b387fa580 of 158 bytes failed: Only part of a ReadProcessMemory or WriteProcessMemory request was completed. (0x12B)
[0426/002828.224:ERROR:process_memory_win.cc(73)] ReadMemory at 0x14b387fa790 of 132 bytes failed: Only part of a ReadProcessMemory or WriteProcessMemory request was completed. (0x12B)
[0426/002828.224:ERROR:process_memory_win.cc(73)] ReadMemory at 0x14b387fa920 of 60 bytes failed: Only part of a ReadProcessMemory or WriteProcessMemory request was completed. (0x12B)
[0426/002828.224:ERROR:process_memory_win.cc(73)] ReadMemory at 0x14b387fac30 of 132 bytes failed: Only part of a ReadProcessMemory or WriteProcessMemory request was completed. (0x12B)
[0426/002828.224:ERROR:process_memory_win.cc(73)] ReadMemory at 0x14b387fadc0 of 60 bytes failed: Only part of a ReadProcessMemory or WriteProcessMemory request was completed. (0x12B)
[0426/002828.224:ERROR:process_memory_win.cc(73)] ReadMemory at 0x14b387fb000 of 132 bytes failed: Only part of a ReadProcessMemory or WriteProcessMemory request was completed. (0x12B)
[0426/002828.224:ERROR:process_memory_win.cc(73)] ReadMemory at 0x14b387fb190 of 62 bytes failed: Only part of a ReadProcessMemory or WriteProcessMemory request was completed. (0x12B)
[0426/002828.224:ERROR:process_memory_win.cc(73)] ReadMemory at 0x14b387fb510 of 132 bytes failed: Only part of a ReadProcessMemory or WriteProcessMemory request was completed. (0x12B)
[0426/002828.224:ERROR:process_memory_win.cc(73)] ReadMemory at 0x14b387fe490 of 132 bytes failed: Only part of a ReadProcessMemory or WriteProcessMemory request was completed. (0x12B)
[0426/002828.224:ERROR:process_memory_win.cc(73)] ReadMemory at 0x14b387fe8b0 of 76 bytes failed: Only part of a ReadProcessMemory or WriteProcessMemory request was completed. (0x12B)
[0426/002828.224:ERROR:process_memory_win.cc(73)] ReadMemory at 0x14b387fe9d0 of 78 bytes failed: Only part of a ReadProcessMemory or WriteProcessMemory request was completed. (0x12B)
[0426/002828.224:ERROR:process_memory_win.cc(73)] ReadMemory at 0x14b387ff1a0 of 132 bytes failed: Only part of a ReadProcessMemory or WriteProcessMemory request was completed. (0x12B)
[0426/002828.224:ERROR:process_memory_win.cc(73)] ReadMemory at 0x14b387ff2d0 of 66 bytes failed: Only part of a ReadProcessMemory or WriteProcessMemory request was completed. (0x12B)
[0426/002828.224:ERROR:process_memory_win.cc(73)] ReadMemory at 0x14b387ff510 of 132 bytes failed: Only part of a ReadProcessMemory or WriteProcessMemory request was completed. (0x12B)
[0426/002828.225:ERROR:process_memory_win.cc(73)] ReadMemory at 0x14b387ff690 of 64 bytes failed: Only part of a ReadProcessMemory or WriteProcessMemory request was completed. (0x12B)
[0426/002828.225:ERROR:process_memory_win.cc(73)] ReadMemory at 0x14b387ff6e0 of 62 bytes failed: Only part of a ReadProcessMemory or WriteProcessMemory request was completed. (0x12B)
[0426/002828.225:ERROR:process_memory_win.cc(73)] ReadMemory at 0x14b387ff730 of 66 bytes failed: Only part of a ReadProcessMemory or WriteProcessMemory request was completed. (0x12B)
[0426/002828.225:ERROR:process_memory_win.cc(73)] ReadMemory at 0x14b387ff780 of 62 bytes failed: Only part of a ReadProcessMemory or WriteProcessMemory request was completed. (0x12B)
[0426/002828.225:ERROR:process_memory_win.cc(73)] ReadMemory at 0x14b387ff9b0 of 58 bytes failed: Only part of a ReadProcessMemory or WriteProcessMemory request was completed. (0x12B)
[0426/002828.225:ERROR:process_memory_win.cc(73)] ReadMemory at 0x14b387ffa00 of 62 bytes failed: Only part of a ReadProcessMemory or WriteProcessMemory request was completed. (0x12B)
[0426/002828.225:ERROR:process_memory_win.cc(73)] ReadMemory at 0x14b387ffa50 of 66 bytes failed: Only part of a ReadProcessMemory or WriteProcessMemory request was completed. (0x12B)
[0426/002828.225:ERROR:process_memory_win.cc(73)] ReadMemory at 0x14b387ffaa0 of 60 bytes failed: Only part of a ReadProcessMemory or WriteProcessMemory request was completed. (0x12B)
[0426/002828.225:ERROR:process_memory_win.cc(73)] ReadMemory at 0x14b387ffaf0 of 60 bytes failed: Only part of a ReadProcessMemory or WriteProcessMemory request was completed. (0x12B)
[0426/002828.225:ERROR:process_memory_win.cc(73)] ReadMemory at 0x14b387ffb40 of 62 bytes failed: Only part of a ReadProcessMemory or WriteProcessMemory request was completed. (0x12B)
[0426/002828.225:ERROR:process_memory_win.cc(73)] ReadMemory at 0x14b387ffb90 of 62 bytes failed: Only part of a ReadProcessMemory or WriteProcessMemory request was completed. (0x12B)
[0426/002828.225:ERROR:process_memory_win.cc(73)] ReadMemory at 0x14b387ffc80 of 64 bytes failed: Only part of a ReadProcessMemory or WriteProcessMemory request was completed. (0x12B)
[0426/002828.225:ERROR:process_memory_win.cc(73)] ReadMemory at 0x14b387ffcd0 of 58 bytes failed: Only part of a ReadProcessMemory or WriteProcessMemory request was completed. (0x12B)
[0426/002828.226:ERROR:process_memory_win.cc(73)] ReadMemory at 0x14b387ffdc0 of 62 bytes failed: Only part of a ReadProcessMemory or WriteProcessMemory request was completed. (0x12B)
[0426/002828.226:ERROR:process_memory_win.cc(73)] ReadMemory at 0x14b38800fb0 of 132 bytes failed: Only part of a ReadProcessMemory or WriteProcessMemory request was completed. (0x12B)
[0426/002828.226:ERROR:process_memory_win.cc(73)] ReadMemory at 0x14b388010e0 of 132 bytes failed: Only part of a ReadProcessMemory or WriteProcessMemory request was completed. (0x12B)
[0426/002828.226:ERROR:process_memory_win.cc(73)] ReadMemory at 0x14b38801210 of 132 bytes failed: Only part of a ReadProcessMemory or WriteProcessMemory request was completed. (0x12B)
[0426/002828.226:ERROR:process_memory_win.cc(73)] ReadMemory at 0x14b38801340 of 132 bytes failed: Only part of a ReadProcessMemory or WriteProcessMemory request was completed. (0x12B)
[0426/002828.226:ERROR:process_memory_win.cc(73)] ReadMemory at 0x14b38801470 of 132 bytes failed: Only part of a ReadProcessMemory or WriteProcessMemory request was completed. (0x12B)
[0426/002828.226:ERROR:process_memory_win.cc(73)] ReadMemory at 0x14b388015a0 of 132 bytes failed: Only part of a ReadProcessMemory or WriteProcessMemory request was completed. (0x12B)
[0426/002828.226:ERROR:process_memory_win.cc(73)] ReadMemory at 0x14b388016d0 of 132 bytes failed: Only part of a ReadProcessMemory or WriteProcessMemory request was completed. (0x12B)
[0426/002828.226:ERROR:process_memory_win.cc(73)] ReadMemory at 0x14b38801800 of 132 bytes failed: Only part of a ReadProcessMemory or WriteProcessMemory request was completed. (0x12B)
[0426/002828.226:ERROR:process_memory_win.cc(73)] ReadMemory at 0x14b38801930 of 132 bytes failed: Only part of a ReadProcessMemory or WriteProcessMemory request was completed. (0x12B)
[0426/002828.226:ERROR:process_memory_win.cc(73)] ReadMemory at 0x14b38801a60 of 132 bytes failed: Only part of a ReadProcessMemory or WriteProcessMemory request was completed. (0x12B)
[0426/002828.226:ERROR:process_memory_win.cc(73)] ReadMemory at 0x14b38801b90 of 132 bytes failed: Only part of a ReadProcessMemory or WriteProcessMemory request was completed. (0x12B)
[0426/002828.226:ERROR:process_memory_win.cc(73)] ReadMemory at 0x14b38801cc0 of 132 bytes failed: Only part of a ReadProcessMemory or WriteProcessMemory request was completed. (0x12B)
[0426/002828.226:ERROR:process_memory_win.cc(73)] ReadMemory at 0x14b38801df0 of 132 bytes failed: Only part of a ReadProcessMemory or WriteProcessMemory request was completed. (0x12B)
[0426/002828.227:ERROR:process_memory_win.cc(73)] ReadMemory at 0x14b38803620 of 154 bytes failed: Only part of a ReadProcessMemory or WriteProcessMemory request was completed. (0x12B)
[0426/002828.227:ERROR:process_memory_win.cc(73)] ReadMemory at 0x14b38803fe0 of 132 bytes failed: Only part of a ReadProcessMemory or WriteProcessMemory request was completed. (0x12B)
[0426/002828.227:ERROR:process_memory_win.cc(73)] ReadMemory at 0x14b38804110 of 132 bytes failed: Only part of a ReadProcessMemory or WriteProcessMemory request was completed. (0x12B)
[0426/002828.227:ERROR:process_memory_win.cc(73)] ReadMemory at 0x14b38804240 of 132 bytes failed: Only part of a ReadProcessMemory or WriteProcessMemory request was completed. (0x12B)
[0426/002828.227:ERROR:process_memory_win.cc(73)] ReadMemory at 0x14b38804370 of 132 bytes failed: Only part of a ReadProcessMemory or WriteProcessMemory request was completed. (0x12B)
[0426/002828.227:ERROR:process_memory_win.cc(73)] ReadMemory at 0x14b388044a0 of 132 bytes failed: Only part of a ReadProcessMemory or WriteProcessMemory request was completed. (0x12B)
[0426/002828.227:ERROR:process_memory_win.cc(73)] ReadMemory at 0x14b388045d0 of 132 bytes failed: Only part of a ReadProcessMemory or WriteProcessMemory request was completed. (0x12B)
[0426/002828.227:ERROR:process_memory_win.cc(73)] ReadMemory at 0x14b38804700 of 132 bytes failed: Only part of a ReadProcessMemory or WriteProcessMemory request was completed. (0x12B)
[0426/002828.227:ERROR:process_memory_win.cc(73)] ReadMemory at 0x14b38804830 of 132 bytes failed: Only part of a ReadProcessMemory or WriteProcessMemory request was completed. (0x12B)
[0426/002828.227:ERROR:process_memory_win.cc(73)] ReadMemory at 0x14b38804960 of 132 bytes failed: Only part of a ReadProcessMemory or WriteProcessMemory request was completed. (0x12B)
[0426/002828.227:ERROR:process_memory_win.cc(73)] ReadMemory at 0x14b38804a90 of 132 bytes failed: Only part of a ReadProcessMemory or WriteProcessMemory request was completed. (0x12B)
[0426/002828.227:ERROR:process_memory_win.cc(73)] ReadMemory at 0x14b38804bc0 of 132 bytes failed: Only part of a ReadProcessMemory or WriteProcessMemory request was completed. (0x12B)
[0426/002828.227:ERROR:process_memory_win.cc(73)] ReadMemory at 0x14b38804cf0 of 132 bytes failed: Only part of a ReadProcessMemory or WriteProcessMemory request was completed. (0x12B)
[0426/002828.228:ERROR:process_memory_win.cc(73)] ReadMemory at 0x14b38804e20 of 132 bytes failed: Only part of a ReadProcessMemory or WriteProcessMemory request was completed. (0x12B)
[0426/002828.228:ERROR:process_memory_win.cc(73)] ReadMemory at 0x14b38804f50 of 132 bytes failed: Only part of a ReadProcessMemory or WriteProcessMemory request was completed. (0x12B)
[0426/002828.228:ERROR:process_memory_win.cc(73)] ReadMemory at 0x14b38805080 of 132 bytes failed: Only part of a ReadProcessMemory or WriteProcessMemory request was completed. (0x12B)
[0426/002828.228:ERROR:process_memory_win.cc(73)] ReadMemory at 0x14b388051b0 of 132 bytes failed: Only part of a ReadProcessMemory or WriteProcessMemory request was completed. (0x12B)
[0426/002828.228:ERROR:process_memory_win.cc(73)] ReadMemory at 0x14b388052e0 of 132 bytes failed: Only part of a ReadProcessMemory or WriteProcessMemory request was completed. (0x12B)
[0426/002828.228:ERROR:process_memory_win.cc(73)] ReadMemory at 0x14b38805410 of 132 bytes failed: Only part of a ReadProcessMemory or WriteProcessMemory request was completed. (0x12B)
[0426/002828.228:ERROR:process_memory_win.cc(73)] ReadMemory at 0x14b38805540 of 132 bytes failed: Only part of a ReadProcessMemory or WriteProcessMemory request was completed. (0x12B)
[0426/002828.228:ERROR:process_memory_win.cc(73)] ReadMemory at 0x14b38805670 of 132 bytes failed: Only part of a ReadProcessMemory or WriteProcessMemory request was completed. (0x12B)
[0426/002828.228:ERROR:process_memory_win.cc(73)] ReadMemory at 0x14b388057a0 of 132 bytes failed: Only part of a ReadProcessMemory or WriteProcessMemory request was completed. (0x12B)
[0426/002828.228:ERROR:process_memory_win.cc(73)] ReadMemory at 0x14b388058d0 of 132 bytes failed: Only part of a ReadProcessMemory or WriteProcessMemory request was completed. (0x12B)
[0426/002828.228:ERROR:process_memory_win.cc(73)] ReadMemory at 0x14b38805a00 of 132 bytes failed: Only part of a ReadProcessMemory or WriteProcessMemory request was completed. (0x12B)
[0426/002828.228:ERROR:process_memory_win.cc(73)] ReadMemory at 0x14b38805b30 of 132 bytes failed: Only part of a ReadProcessMemory or WriteProcessMemory request was completed. (0x12B)
[0426/002828.228:ERROR:process_memory_win.cc(73)] ReadMemory at 0x14b38805c60 of 132 bytes failed: Only part of a ReadProcessMemory or WriteProcessMemory request was completed. (0x12B)
[0426/002828.228:ERROR:process_memory_win.cc(73)] ReadMemory at 0x14b38805d90 of 132 bytes failed: Only part of a ReadProcessMemory or WriteProcessMemory request was completed. (0x12B)
[0426/002828.229:ERROR:process_memory_win.cc(73)] ReadMemory at 0x14b3880608c of 512 bytes failed: Only part of a ReadProcessMemory or WriteProcessMemory request was completed. (0x12B)
[0426/002828.229:ERROR:process_memory_win.cc(73)] ReadMemory at 0x14b38807ca0 of 80 bytes failed: Only part of a ReadProcessMemory or WriteProcessMemory request was completed. (0x12B)
[0426/002828.229:ERROR:process_memory_win.cc(73)] ReadMemory at 0x14b38808160 of 58 bytes failed: Only part of a ReadProcessMemory or WriteProcessMemory request was completed. (0x12B)
[0426/002828.229:ERROR:process_memory_win.cc(73)] ReadMemory at 0x14b38808340 of 66 bytes failed: Only part of a ReadProcessMemory or WriteProcessMemory request was completed. (0x12B)
[0426/002828.229:ERROR:process_memory_win.cc(73)] ReadMemory at 0x14b388139e0 of 54 bytes failed: Only part of a ReadProcessMemory or WriteProcessMemory request was completed. (0x12B)
[0426/002828.229:ERROR:process_memory_win.cc(73)] ReadMemory at 0x14b388182e0 of 60 bytes failed: Only part of a ReadProcessMemory or WriteProcessMemory request was completed. (0x12B)
[0426/002828.229:ERROR:process_memory_win.cc(73)] ReadMemory at 0x14b38818380 of 60 bytes failed: Only part of a ReadProcessMemory or WriteProcessMemory request was completed. (0x12B)
[0426/002828.229:ERROR:process_memory_win.cc(73)] ReadMemory at 0x14b388183d0 of 70 bytes failed: Only part of a ReadProcessMemory or WriteProcessMemory request was completed. (0x12B)
[0426/002828.229:ERROR:process_memory_win.cc(73)] ReadMemory at 0x14b388184c0 of 64 bytes failed: Only part of a ReadProcessMemory or WriteProcessMemory request was completed. (0x12B)
[0426/002828.229:ERROR:process_memory_win.cc(73)] ReadMemory at 0x14b38818510 of 62 bytes failed: Only part of a ReadProcessMemory or WriteProcessMemory request was completed. (0x12B)
[0426/002828.229:ERROR:process_memory_win.cc(73)] ReadMemory at 0x14b38818650 of 64 bytes failed: Only part of a ReadProcessMemory or WriteProcessMemory request was completed. (0x12B)
[0426/002828.230:ERROR:process_memory_win.cc(73)] ReadMemory at 0x14b388186a0 of 64 bytes failed: Only part of a ReadProcessMemory or WriteProcessMemory request was completed. (0x12B)
[0426/002828.230:ERROR:process_memory_win.cc(73)] ReadMemory at 0x14b38818790 of 56 bytes failed: Only part of a ReadProcessMemory or WriteProcessMemory request was completed. (0x12B)
[0426/002828.230:ERROR:process_memory_win.cc(73)] ReadMemory at 0x14b388188d0 of 64 bytes failed: Only part of a ReadProcessMemory or WriteProcessMemory request was completed. (0x12B)
[0426/002828.230:ERROR:process_memory_win.cc(73)] ReadMemory at 0x14b38818a60 of 64 bytes failed: Only part of a ReadProcessMemory or WriteProcessMemory request was completed. (0x12B)
[0426/002828.230:ERROR:process_memory_win.cc(73)] ReadMemory at 0x14b38818ab0 of 60 bytes failed: Only part of a ReadProcessMemory or WriteProcessMemory request was completed. (0x12B)
[0426/002828.230:ERROR:process_memory_win.cc(73)] ReadMemory at 0x14b38818bf0 of 60 bytes failed: Only part of a ReadProcessMemory or WriteProcessMemory request was completed. (0x12B)
[0426/002828.230:ERROR:process_memory_win.cc(73)] ReadMemory at 0x14b38818c40 of 68 bytes failed: Only part of a ReadProcessMemory or WriteProcessMemory request was completed. (0x12B)
[0426/002828.230:ERROR:process_memory_win.cc(73)] ReadMemory at 0x14b38818c90 of 58 bytes failed: Only part of a ReadProcessMemory or WriteProcessMemory request was completed. (0x12B)
[0426/002828.230:ERROR:process_memory_win.cc(73)] ReadMemory at 0x14b38818ce0 of 60 bytes failed: Only part of a ReadProcessMemory or WriteProcessMemory request was completed. (0x12B)
[0426/002828.230:ERROR:process_memory_win.cc(73)] ReadMemory at 0x14b38818d30 of 64 bytes failed: Only part of a ReadProcessMemory or WriteProcessMemory request was completed. (0x12B)
[0426/002828.231:ERROR:process_memory_win.cc(73)] ReadMemory at 0x14b38818dd0 of 62 bytes failed: Only part of a ReadProcessMemory or WriteProcessMemory request was completed. (0x12B)
[0426/002828.231:ERROR:process_memory_win.cc(73)] ReadMemory at 0x14b38818ec0 of 64 bytes failed: Only part of a ReadProcessMemory or WriteProcessMemory request was completed. (0x12B)
[0426/002828.231:ERROR:process_memory_win.cc(73)] ReadMemory at 0x14b38818fb0 of 62 bytes failed: Only part of a ReadProcessMemory or WriteProcessMemory request was completed. (0x12B)
[0426/002828.231:ERROR:process_memory_win.cc(73)] ReadMemory at 0x14b38819050 of 58 bytes failed: Only part of a ReadProcessMemory or WriteProcessMemory request was completed. (0x12B)
[0426/002828.231:ERROR:process_memory_win.cc(73)] ReadMemory at 0x14b388190f0 of 64 bytes failed: Only part of a ReadProcessMemory or WriteProcessMemory request was completed. (0x12B)
[0426/002828.231:ERROR:process_memory_win.cc(73)] ReadMemory at 0x14b38819140 of 62 bytes failed: Only part of a ReadProcessMemory or WriteProcessMemory request was completed. (0x12B)
[0426/002828.231:ERROR:process_memory_win.cc(73)] ReadMemory at 0x14b38819190 of 62 bytes failed: Only part of a ReadProcessMemory or WriteProcessMemory request was completed. (0x12B)
[0426/002828.231:ERROR:process_memory_win.cc(73)] ReadMemory at 0x14b388191e0 of 60 bytes failed: Only part of a ReadProcessMemory or WriteProcessMemory request was completed. (0x12B)
[0426/002828.231:ERROR:process_memory_win.cc(73)] ReadMemory at 0x14b38819230 of 62 bytes failed: Only part of a ReadProcessMemory or WriteProcessMemory request was completed. (0x12B)
[0426/002828.232:ERROR:process_memory_win.cc(73)] ReadMemory at 0x14b3881a310 of 132 bytes failed: Only part of a ReadProcessMemory or WriteProcessMemory request was completed. (0x12B)
[0426/002828.232:ERROR:process_memory_win.cc(73)] ReadMemory at 0x14b3881a440 of 132 bytes failed: Only part of a ReadProcessMemory or WriteProcessMemory request was completed. (0x12B)
[0426/002828.232:ERROR:process_memory_win.cc(73)] ReadMemory at 0x14b3881a570 of 132 bytes failed: Only part of a ReadProcessMemory or WriteProcessMemory request was completed. (0x12B)
[0426/002828.232:ERROR:process_memory_win.cc(73)] ReadMemory at 0x14b3881a6a0 of 132 bytes failed: Only part of a ReadProcessMemory or WriteProcessMemory request was completed. (0x12B)
[0426/002828.232:ERROR:process_memory_win.cc(73)] ReadMemory at 0x14b3881a7d0 of 132 bytes failed: Only part of a ReadProcessMemory or WriteProcessMemory request was completed. (0x12B)
[0426/002828.232:ERROR:process_memory_win.cc(73)] ReadMemory at 0x14b3881a900 of 132 bytes failed: Only part of a ReadProcessMemory or WriteProcessMemory request was completed. (0x12B)
[0426/002828.232:ERROR:process_memory_win.cc(73)] ReadMemory at 0x14b3881aa30 of 132 bytes failed: Only part of a ReadProcessMemory or WriteProcessMemory request was completed. (0x12B)
[0426/002828.232:ERROR:process_memory_win.cc(73)] ReadMemory at 0x14b3881ab60 of 132 bytes failed: Only part of a ReadProcessMemory or WriteProcessMemory request was completed. (0x12B)
[0426/002828.232:ERROR:process_memory_win.cc(73)] ReadMemory at 0x14b3881ac90 of 132 bytes failed: Only part of a ReadProcessMemory or WriteProcessMemory request was completed. (0x12B)
[0426/002828.233:ERROR:process_memory_win.cc(73)] ReadMemory at 0x14b3881adc0 of 132 bytes failed: Only part of a ReadProcessMemory or WriteProcessMemory request was completed. (0x12B)
[0426/002828.233:ERROR:process_memory_win.cc(73)] ReadMemory at 0x14b3881aef0 of 132 bytes failed: Only part of a ReadProcessMemory or WriteProcessMemory request was completed. (0x12B)
[0426/002828.233:ERROR:process_memory_win.cc(73)] ReadMemory at 0x14b3881b020 of 132 bytes failed: Only part of a ReadProcessMemory or WriteProcessMemory request was completed. (0x12B)
[0426/002828.233:ERROR:process_memory_win.cc(73)] ReadMemory at 0x14b3881b150 of 132 bytes failed: Only part of a ReadProcessMemory or WriteProcessMemory request was completed. (0x12B)
[0426/002828.233:ERROR:process_memory_win.cc(73)] ReadMemory at 0x14b3881b3b0 of 132 bytes failed: Only part of a ReadProcessMemory or WriteProcessMemory request was completed. (0x12B)
[0426/002828.233:ERROR:process_memory_win.cc(73)] ReadMemory at 0x14b3881b4e0 of 132 bytes failed: Only part of a ReadProcessMemory or WriteProcessMemory request was completed. (0x12B)
[0426/002828.233:ERROR:process_memory_win.cc(73)] ReadMemory at 0x14b3881b610 of 132 bytes failed: Only part of a ReadProcessMemory or WriteProcessMemory request was completed. (0x12B)
[0426/002828.233:ERROR:process_memory_win.cc(73)] ReadMemory at 0x14b3881b740 of 132 bytes failed: Only part of a ReadProcessMemory or WriteProcessMemory request was completed. (0x12B)
[0426/002828.233:ERROR:process_memory_win.cc(73)] ReadMemory at 0x14b3881b870 of 132 bytes failed: Only part of a ReadProcessMemory or WriteProcessMemory request was completed. (0x12B)
[0426/002828.233:ERROR:process_memory_win.cc(73)] ReadMemory at 0x14b3881b9a0 of 132 bytes failed: Only part of a ReadProcessMemory or WriteProcessMemory request was completed. (0x12B)
[0426/002828.234:ERROR:process_memory_win.cc(73)] ReadMemory at 0x14b3881bad0 of 132 bytes failed: Only part of a ReadProcessMemory or WriteProcessMemory request was completed. (0x12B)
[0426/002828.234:ERROR:process_memory_win.cc(73)] ReadMemory at 0x14b3881bc00 of 132 bytes failed: Only part of a ReadProcessMemory or WriteProcessMemory request was completed. (0x12B)
[0426/002828.234:ERROR:process_memory_win.cc(73)] ReadMemory at 0x14b3881bd30 of 132 bytes failed: Only part of a ReadProcessMemory or WriteProcessMemory request was completed. (0x12B)
[0426/002828.234:ERROR:process_memory_win.cc(73)] ReadMemory at 0x14b3881be60 of 132 bytes failed: Only part of a ReadProcessMemory or WriteProcessMemory request was completed. (0x12B)
[0426/002828.234:ERROR:process_memory_win.cc(73)] ReadMemory at 0x14b3881bf90 of 132 bytes failed: Only part of a ReadProcessMemory or WriteProcessMemory request was completed. (0x12B)
[0426/002828.234:ERROR:process_memory_win.cc(73)] ReadMemory at 0x14b3881c0c0 of 132 bytes failed: Only part of a ReadProcessMemory or WriteProcessMemory request was completed. (0x12B)
[0426/002828.234:ERROR:process_memory_win.cc(73)] ReadMemory at 0x14b3881c3f0 of 146 bytes failed: Only part of a ReadProcessMemory or WriteProcessMemory request was completed. (0x12B)
[0426/002828.234:ERROR:process_memory_win.cc(73)] ReadMemory at 0x14b3881c4b0 of 246 bytes failed: Only part of a ReadProcessMemory or WriteProcessMemory request was completed. (0x12B)
[0426/002828.234:ERROR:process_memory_win.cc(73)] ReadMemory at 0x14b3881d3a0 of 76 bytes failed: Only part of a ReadProcessMemory or WriteProcessMemory request was completed. (0x12B)
[0426/002828.234:ERROR:process_memory_win.cc(73)] ReadMemory at 0x14b3881d520 of 72 bytes failed: Only part of a ReadProcessMemory or WriteProcessMemory request was completed. (0x12B)
[0426/002828.234:ERROR:process_memory_win.cc(73)] ReadMemory at 0x14b38825b20 of 60 bytes failed: Only part of a ReadProcessMemory or WriteProcessMemory request was completed. (0x12B)
[0426/002828.235:ERROR:process_memory_win.cc(73)] ReadMemory at 0x14b38825df0 of 62 bytes failed: Only part of a ReadProcessMemory or WriteProcessMemory request was completed. (0x12B)
[0426/002828.235:ERROR:process_memory_win.cc(73)] ReadMemory at 0x14b38826110 of 64 bytes failed: Only part of a ReadProcessMemory or WriteProcessMemory request was completed. (0x12B)
[0426/002828.235:ERROR:process_memory_win.cc(73)] ReadMemory at 0x14b38826610 of 60 bytes failed: Only part of a ReadProcessMemory or WriteProcessMemory request was completed. (0x12B)
[0426/002828.235:ERROR:process_memory_win.cc(73)] ReadMemory at 0x14b38829d20 of 52 bytes failed: Only part of a ReadProcessMemory or WriteProcessMemory request was completed. (0x12B)
[0426/002828.235:ERROR:process_memory_win.cc(73)] ReadMemory at 0x14b388441c0 of 56 bytes failed: Only part of a ReadProcessMemory or WriteProcessMemory request was completed. (0x12B)
[0426/002828.235:ERROR:process_memory_win.cc(73)] ReadMemory at 0x14b38844300 of 68 bytes failed: Only part of a ReadProcessMemory or WriteProcessMemory request was completed. (0x12B)
[0426/002828.235:ERROR:process_memory_win.cc(73)] ReadMemory at 0x14b38844440 of 58 bytes failed: Only part of a ReadProcessMemory or WriteProcessMemory request was completed. (0x12B)
[0426/002828.235:ERROR:process_memory_win.cc(73)] ReadMemory at 0x14b388445d0 of 60 bytes failed: Only part of a ReadProcessMemory or WriteProcessMemory request was completed. (0x12B)
[0426/002828.235:ERROR:process_memory_win.cc(73)] ReadMemory at 0x14b38844800 of 58 bytes failed: Only part of a ReadProcessMemory or WriteProcessMemory request was completed. (0x12B)
[0426/002828.235:ERROR:process_memory_win.cc(73)] ReadMemory at 0x14b38844850 of 58 bytes failed: Only part of a ReadProcessMemory or WriteProcessMemory request was completed. (0x12B)
[0426/002828.235:ERROR:process_memory_win.cc(73)] ReadMemory at 0x14b38844b70 of 62 bytes failed: Only part of a ReadProcessMemory or WriteProcessMemory request was completed. (0x12B)
[0426/002828.235:ERROR:process_memory_win.cc(73)] ReadMemory at 0x14b38846f20 of 126 bytes failed: Only part of a ReadProcessMemory or WriteProcessMemory request was completed. (0x12B)
[0426/002828.235:ERROR:process_memory_win.cc(73)] ReadMemory at 0x14b3885e390 of 64 bytes failed: Only part of a ReadProcessMemory or WriteProcessMemory request was completed. (0x12B)
[0426/002828.236:ERROR:process_memory_win.cc(73)] ReadMemory at 0x14b3885e8e0 of 60 bytes failed: Only part of a ReadProcessMemory or WriteProcessMemory request was completed. (0x12B)
[0426/002828.236:ERROR:process_memory_win.cc(73)] ReadMemory at 0x14b3885ee30 of 62 bytes failed: Only part of a ReadProcessMemory or WriteProcessMemory request was completed. (0x12B)
[0426/002828.236:ERROR:process_memory_win.cc(73)] ReadMemory at 0x14b3885f1a0 of 60 bytes failed: Only part of a ReadProcessMemory or WriteProcessMemory request was completed. (0x12B)
[0426/002828.236:ERROR:process_memory_win.cc(73)] ReadMemory at 0x14b388623f0 of 196 bytes failed: Only part of a ReadProcessMemory or WriteProcessMemory request was completed. (0x12B)
[0426/002828.236:ERROR:process_memory_win.cc(73)] ReadMemory at 0x14b3886b180 of 184 bytes failed: Only part of a ReadProcessMemory or WriteProcessMemory request was completed. (0x12B)
[0426/002828.236:ERROR:process_memory_win.cc(73)] ReadMemory at 0x14b38889dd0 of 132 bytes failed: Only part of a ReadProcessMemory or WriteProcessMemory request was completed. (0x12B)
[0426/002828.236:ERROR:process_memory_win.cc(73)] ReadMemory at 0x14b38889f00 of 132 bytes failed: Only part of a ReadProcessMemory or WriteProcessMemory request was completed. (0x12B)
[0426/002828.236:ERROR:process_memory_win.cc(73)] ReadMemory at 0x14b3888a160 of 132 bytes failed: Only part of a ReadProcessMemory or WriteProcessMemory request was completed. (0x12B)
[0426/002828.236:ERROR:process_memory_win.cc(73)] ReadMemory at 0x14b3888a290 of 132 bytes failed: Only part of a ReadProcessMemory or WriteProcessMemory request was completed. (0x12B)
[0426/002828.236:ERROR:process_memory_win.cc(73)] ReadMemory at 0x14b3888a3c0 of 132 bytes failed: Only part of a ReadProcessMemory or WriteProcessMemory request was completed. (0x12B)
[0426/002828.236:ERROR:process_memory_win.cc(73)] ReadMemory at 0x14b3888a4f0 of 132 bytes failed: Only part of a ReadProcessMemory or WriteProcessMemory request was completed. (0x12B)
[0426/002828.236:ERROR:process_memory_win.cc(73)] ReadMemory at 0x14b3888a750 of 132 bytes failed: Only part of a ReadProcessMemory or WriteProcessMemory request was completed. (0x12B)
[0426/002828.236:ERROR:process_memory_win.cc(73)] ReadMemory at 0x14b3888a880 of 132 bytes failed: Only part of a ReadProcessMemory or WriteProcessMemory request was completed. (0x12B)
[0426/002828.237:ERROR:process_memory_win.cc(73)] ReadMemory at 0x14b388c05f0 of 196 bytes failed: Only part of a ReadProcessMemory or WriteProcessMemory request was completed. (0x12B)
[0426/002828.237:ERROR:process_memory_win.cc(73)] ReadMemory at 0x14b388e7940 of 62 bytes failed: Only part of a ReadProcessMemory or WriteProcessMemory request was completed. (0x12B)
[0426/002828.237:ERROR:process_memory_win.cc(73)] ReadMemory at 0x14b388e86b0 of 66 bytes failed: Only part of a ReadProcessMemory or WriteProcessMemory request was completed. (0x12B)
[0426/002828.237:ERROR:process_memory_win.cc(73)] ReadMemory at 0x14b389c0c40 of 512 bytes failed: Only part of a ReadProcessMemory or WriteProcessMemory request was completed. (0x12B)
[0426/002828.237:ERROR:process_memory_win.cc(73)] ReadMemory at 0x14b389c11c0 of 512 bytes failed: Only part of a ReadProcessMemory or WriteProcessMemory request was completed. (0x12B)
[0426/002828.237:ERROR:process_memory_win.cc(73)] ReadMemory at 0x14b38b00c40 of 512 bytes failed: Only part of a ReadProcessMemory or WriteProcessMemory request was completed. (0x12B)
[0426/002828.237:ERROR:process_memory_win.cc(73)] ReadMemory at 0x14b38b01fc0 of 512 bytes failed: Only part of a ReadProcessMemory or WriteProcessMemory request was completed. (0x12B)
[0426/002828.237:ERROR:process_memory_win.cc(73)] ReadMemory at 0x14b38fab2a0 of 512 bytes failed: Only part of a ReadProcessMemory or WriteProcessMemory request was completed. (0x12B)
[0426/002828.237:ERROR:process_memory_win.cc(73)] ReadMemory at 0x14b3a3c0000 of 384 bytes failed: Only part of a ReadProcessMemory or WriteProcessMemory request was completed. (0x12B)
[0426/002828.238:ERROR:process_memory_win.cc(73)] ReadMemory at 0x14b3a3dd430 of 512 bytes failed: Only part of a ReadProcessMemory or WriteProcessMemory request was completed. (0x12B)
[0426/002828.238:ERROR:process_memory_win.cc(73)] ReadMemory at 0x14b3a3fa170 of 512 bytes failed: Only part of a ReadProcessMemory or WriteProcessMemory request was completed. (0x12B)
[0426/002828.238:ERROR:process_memory_win.cc(73)] ReadMemory at 0x14b3a40e310 of 512 bytes failed: Only part of a ReadProcessMemory or WriteProcessMemory request was completed. (0x12B)
[0426/002828.238:ERROR:process_memory_win.cc(73)] ReadMemory at 0x14b41233da0 of 512 bytes failed: Only part of a ReadProcessMemory or WriteProcessMemory request was completed. (0x12B)
[0426/002828.238:ERROR:process_memory_win.cc(73)] ReadMemory at 0x14b4123b600 of 512 bytes failed: Only part of a ReadProcessMemory or WriteProcessMemory request was completed. (0x12B)
[0426/002828.238:ERROR:process_memory_win.cc(73)] ReadMemory at 0x14b412479e0 of 74 bytes failed: Only part of a ReadProcessMemory or WriteProcessMemory request was completed. (0x12B)
[0426/002828.238:ERROR:process_memory_win.cc(73)] ReadMemory at 0x14b41251180 of 512 bytes failed: Only part of a ReadProcessMemory or WriteProcessMemory request was completed. (0x12B)
[0426/002828.238:ERROR:process_memory_win.cc(73)] ReadMemory at 0x14b412596c0 of 512 bytes failed: Only part of a ReadProcessMemory or WriteProcessMemory request was completed. (0x12B)
[0426/002828.238:ERROR:process_memory_win.cc(73)] ReadMemory at 0x14b4127a810 of 62 bytes failed: Only part of a ReadProcessMemory or WriteProcessMemory request was completed. (0x12B)
[0426/002828.238:ERROR:process_memory_win.cc(73)] ReadMemory at 0x14b43a63890 of 512 bytes failed: Only part of a ReadProcessMemory or WriteProcessMemory request was completed. (0x12B)
[0426/002828.238:ERROR:process_memory_win.cc(73)] ReadMemory at 0x14b43a84690 of 512 bytes failed: Only part of a ReadProcessMemory or WriteProcessMemory request was completed. (0x12B)
[0426/002828.238:ERROR:process_memory_win.cc(73)] ReadMemory at 0x14b43aa2a00 of 512 bytes failed: Only part of a ReadProcessMemory or WriteProcessMemory request was completed. (0x12B)
[0426/002828.238:ERROR:process_memory_win.cc(73)] ReadMemory at 0x14b44174698 of 512 bytes failed: Only part of a ReadProcessMemory or WriteProcessMemory request was completed. (0x12B)
[0426/002828.239:ERROR:process_memory_win.cc(73)] ReadMemory at 0x14b443cff80 of 512 bytes failed: Only part of a ReadProcessMemory or WriteProcessMemory request was completed. (0x12B)
[0426/002828.239:ERROR:process_memory_win.cc(73)] ReadMemory at 0x14b44450880 of 512 bytes failed: Only part of a ReadProcessMemory or WriteProcessMemory request was completed. (0x12B)
[0426/002828.239:ERROR:process_memory_win.cc(73)] ReadMemory at 0x14b44452a30 of 544 bytes failed: Only part of a ReadProcessMemory or WriteProcessMemory request was completed. (0x12B)
[0426/002828.239:ERROR:process_memory_win.cc(73)] ReadMemory at 0x14b44467f68 of 512 bytes failed: Only part of a ReadProcessMemory or WriteProcessMemory request was completed. (0x12B)
[0426/002828.239:ERROR:process_memory_win.cc(73)] ReadMemory at 0x14b44483e40 of 512 bytes failed: Only part of a ReadProcessMemory or WriteProcessMemory request was completed. (0x12B)
[0426/002828.239:ERROR:process_memory_win.cc(73)] ReadMemory at 0x14b44f841a0 of 512 bytes failed: Only part of a ReadProcessMemory or WriteProcessMemory request was completed. (0x12B)
[0426/002828.239:ERROR:process_memory_win.cc(73)] ReadMemory at 0x14b44f85ac0 of 512 bytes failed: Only part of a ReadProcessMemory or WriteProcessMemory request was completed. (0x12B)
[0426/002828.239:ERROR:process_memory_win.cc(73)] ReadMemory at 0x14b45071150 of 512 bytes failed: Only part of a ReadProcessMemory or WriteProcessMemory request was completed. (0x12B)
[0426/002828.239:ERROR:process_memory_win.cc(73)] ReadMemory at 0x14b450e67f0 of 512 bytes failed: Only part of a ReadProcessMemory or WriteProcessMemory request was completed. (0x12B)
[0426/002828.239:ERROR:process_memory_win.cc(73)] ReadMemory at 0x14b45123fd8 of 512 bytes failed: Only part of a ReadProcessMemory or WriteProcessMemory request was completed. (0x12B)
[0426/002828.239:ERROR:process_memory_win.cc(73)] ReadMemory at 0x7ffcf6e92ddf of 512 bytes failed: Only part of a ReadProcessMemory or WriteProcessMemory request was completed. (0x12B)
[0426/002828.239:ERROR:process_memory_win.cc(73)] ReadMemory at 0x7ffcf9688d20 of 512 bytes failed: Only part of a ReadProcessMemory or WriteProcessMemory request was completed. (0x12B)
[0426/002828.239:ERROR:process_memory_win.cc(73)] ReadMemory at 0x7ffcf976fdd8 of 512 bytes failed: Only part of a ReadProcessMemory or WriteProcessMemory request was completed. (0x12B)
[0426/002828.240:ERROR:process_memory_win.cc(73)] ReadMemory at 0x7ffcfa062ff0 of 512 bytes failed: Only part of a ReadProcessMemory or WriteProcessMemory request was completed. (0x12B)
[0426/002828.240:ERROR:process_memory_win.cc(73)] ReadMemory at 0x7ffd4ac30000 of 384 bytes failed: Only part of a ReadProcessMemory or WriteProcessMemory request was completed. (0x12B)
[0426/002828.240:ERROR:process_memory_win.cc(73)] ReadMemory at 0x7ffd4ae261e0 of 512 bytes failed: Only part of a ReadProcessMemory or WriteProcessMemory request was completed. (0x12B)
[0426/002828.240:ERROR:process_memory_win.cc(73)] ReadMemory at 0x7ffd53949884 of 512 bytes failed: Only part of a ReadProcessMemory or WriteProcessMemory request was completed. (0x12B)
[0426/002828.240:ERROR:process_memory_win.cc(73)] ReadMemory at 0x7ffd546b21f0 of 512 bytes failed: Only part of a ReadProcessMemory or WriteProcessMemory request was completed. (0x12B)
[0426/002828.240:ERROR:process_memory_win.cc(73)] ReadMemory at 0x7ffd56c1f4b0 of 512 bytes failed: Only part of a ReadProcessMemory or WriteProcessMemory request was completed. (0x12B)
[0426/002828.240:ERROR:process_memory_win.cc(73)] ReadMemory at 0x7ffd56f6ff00 of 512 bytes failed: Only part of a ReadProcessMemory or WriteProcessMemory request was completed. (0x12B)
[0426/002828.240:ERROR:process_memory_win.cc(73)] ReadMemory at 0x7ffd56fbf694 of 672 bytes failed: Only part of a ReadProcessMemory or WriteProcessMemory request was completed. (0x12B)
[0426/002828.240:ERROR:process_memory_win.cc(73)] ReadMemory at 0x7ffd56fbfc94 of 512 bytes failed: Only part of a ReadProcessMemory or WriteProcessMemory request was completed. (0x12B)
[0426/002828.240:ERROR:process_memory_win.cc(73)] ReadMemory at 0x7ffd56fc0164 of 512 bytes failed: Only part of a ReadProcessMemory or WriteProcessMemory request was completed. (0x12B)
[0426/002828.240:ERROR:process_memory_win.cc(73)] ReadMemory at 0x7ffd56fc2f84 of 512 bytes failed: Only part of a ReadProcessMemory or WriteProcessMemory request was completed. (0x12B)
[0426/002828.240:ERROR:process_memory_win.cc(73)] ReadMemory at 0x7ffd5704c0c8 of 18 bytes failed: Only part of a ReadProcessMemory or WriteProcessMemory request was completed. (0x12B)
[0426/002828.240:ERROR:process_memory_win.cc(73)] ReadMemory at 0x7ffd5707f4f8 of 40 bytes failed: Only part of a ReadProcessMemory or WriteProcessMemory request was completed. (0x12B)
[0426/002828.241:ERROR:process_memory_win.cc(73)] ReadMemory at 0x7ffd5707f978 of 48 bytes failed: Only part of a ReadProcessMemory or WriteProcessMemory request was completed. (0x12B)
[0426/002828.241:ERROR:process_memory_win.cc(73)] ReadMemory at 0x7ffd570853a0 of 64 bytes failed: Only part of a ReadProcessMemory or WriteProcessMemory request was completed. (0x12B)
[0426/002828.243:ERROR:file_io_win.cc(161)] CreateFile C:\Users\VINAYM~1\AppData\Local\Temp\scoped_dir2540_5341\Crashpad\settings.dat: The system cannot find the file specified. (0x2)
[0426/002828.243:ERROR:scoped_process_suspend.cc(40)] NtResumeProcess: An attempt was made to access an exiting process. (0xc000010a)
